<?xml version="1.0" encoding="UTF-8"?>
<TestRun id="9339bf48-c5b0-411f-a35b-0f860806adc6" name="omr@DESKTOP-HK1QTE6 2016-10-30 04:31:54" runUser="DESKTOP-HK1QTE6\omr" xmlns="http://microsoft.com/schemas/VisualStudio/TeamTest/2010">
  <TestSettings name="Default Test Settings" id="4242a816-c0cc-4908-81e5-fba26542d81a">
    <Deployment runDeploymentRoot="omr_DESKTOP-HK1QTE6 2016-10-30 04_31_54">
      <DeploymentItem filename="C:\Users\omr\Source\Repos\autocomplete\packages\Newtonsoft.Json.9.0.1\lib\net45\Newtonsoft.Json.dll" />
      <DeploymentItem filename="C:\Users\omr\Source\Repos\autocomplete\AutoComplete.Core\bin\Debug\AutoComplete.Core.dll" />
      <DeploymentItem filename="C:\Users\omr\Source\Repos\autocomplete\AutoComplete.Desktop\bin\Debug\AutoComplete.Desktop.dll" />
      <DeploymentItem filename="C:\Users\omr\Source\Repos\autocomplete\AutoComplete.Clients.Web\obj\Debug\AutoComplete.Clients.Web.dll" />
    </Deployment>
    <Execution>
      <TestTypeSpecific />
      <AgentRule name="Execution Agents">
      </AgentRule>
    </Execution>
    <Properties />
  </TestSettings>
  <Times creation="2016-10-30T04:31:54.7169939-07:00" queuing="2016-10-30T04:31:55.8520287-07:00" start="2016-10-30T04:31:56.0740363-07:00" finish="2016-10-30T04:32:05.8833504-07:00" />
  <ResultSummary outcome="Aborted">
    <Counters total="1" executed="1" error="0" failed="0" timeout="0" aborted="1" inconclusive="0" passedButRunAborted="0" notRunnable="0" notExecuted="0" disconnected="0" warning="0" passed="0" completed="0" inProgress="0" pending="0" />
  </ResultSummary>
  <TestDefinitions>
    <WebTest name="WebTest1" storage="c:\users\omr\source\repos\autocomplete\autocomplete.unittests\webtest1.webtest" id="475ac451-caf2-46b4-ae11-566112f9e20c" persistedWebTest="77u/PD94bWwgdmVyc2lvbj0iMS4wIiBlbmNvZGluZz0iVVRGLTgiIHN0YW5kYWxvbmU9InllcyI/Pg0KPFdlYlRlc3QgTmFtZT0iV2ViVGVzdDEiIElkPSI0NzVhYzQ1MS1jYWYyLTQ2YjQtYWUxMS01NjYxMTJmOWUyMGMiIE93bmVyPSIiIFByaW9yaXR5PSIyMTQ3NDgzNjQ3IiBFbmFibGVkPSJUcnVlIiBDc3NQcm9qZWN0U3RydWN0dXJlPSIiIENzc0l0ZXJhdGlvbj0iIiBUaW1lb3V0PSIwIiBXb3JrSXRlbUlkcz0iIiB4bWxucz0iaHR0cDovL21pY3Jvc29mdC5jb20vc2NoZW1hcy9WaXN1YWxTdHVkaW8vVGVhbVRlc3QvMjAxMCIgRGVzY3JpcHRpb249IiIgQ3JlZGVudGlhbFVzZXJOYW1lPSIiIENyZWRlbnRpYWxQYXNzd29yZD0iIiBQcmVBdXRoZW50aWNhdGU9IlRydWUiIFByb3h5PSJkZWZhdWx0IiBTdG9wT25FcnJvcj0iRmFsc2UiIFJlY29yZGVkUmVzdWx0RmlsZT0iIiBSZXN1bHRzTG9jYWxlPSIiPg0KICA8SXRlbXM+DQogICAgPFJlcXVlc3QgTWV0aG9kPSJHRVQiIEd1aWQ9ImNmZmEwMmRiLThjNzEtNDlmNy05ODdiLWI4N2IwMjFkYjRhYiIgVmVyc2lvbj0iMS4xIiBVcmw9Imh0dHA6Ly9sb2NhbGhvc3Q6NTAwMC8iIFRoaW5rVGltZT0iMCIgVGltZW91dD0iMSIgUGFyc2VEZXBlbmRlbnRSZXF1ZXN0cz0iVHJ1ZSIgRm9sbG93UmVkaXJlY3RzPSJGYWxzZSIgUmVjb3JkUmVzdWx0PSJGYWxzZSIgQ2FjaGU9IkZhbHNlIiBSZXNwb25zZVRpbWVHb2FsPSIwIiBFbmNvZGluZz0idXRmLTgiIEV4cGVjdGVkSHR0cFN0YXR1c0NvZGU9IjIwMCIgRXhwZWN0ZWRSZXNwb25zZVVybD0iIiBSZXBvcnRpbmdOYW1lPSIiIElnbm9yZUh0dHBTdGF0dXNDb2RlPSJGYWxzZSI+DQogICAgICA8UXVlcnlTdHJpbmdQYXJhbWV0ZXJzPg0KICAgICAgICA8UXVlcnlTdHJpbmdQYXJhbWV0ZXIgTmFtZT0iayIgVmFsdWU9InRlc3QiIFJlY29yZGVkVmFsdWU9IiIgQ29ycmVsYXRpb25CaW5kaW5nPSIiIFVybEVuY29kZT0iRmFsc2UiIFVzZVRvR3JvdXBSZXN1bHRzPSJGYWxzZSIgLz4NCiAgICAgIDwvUXVlcnlTdHJpbmdQYXJhbWV0ZXJzPg0KICAgIDwvUmVxdWVzdD4NCiAgPC9JdGVtcz4NCjwvV2ViVGVzdD4=">
      <Execution id="88963b2b-246c-405d-8d22-39a249789286" />
    </WebTest>
  </TestDefinitions>
  <TestLists>
    <TestList name="Results Not in a List" id="8c84fa94-04c1-424b-9868-57a2d4851a1d" />
    <TestList name="All Loaded Results" id="19431567-8539-422a-85d7-44ee4e166bda" />
  </TestLists>
  <TestEntries>
    <TestEntry isTransparent="false" testId="475ac451-caf2-46b4-ae11-566112f9e20c" executionId="88963b2b-246c-405d-8d22-39a249789286" testListId="8c84fa94-04c1-424b-9868-57a2d4851a1d" />
  </TestEntries>
  <Results>
    <WebTestResult executionId="88963b2b-246c-405d-8d22-39a249789286" testId="475ac451-caf2-46b4-ae11-566112f9e20c" testName="WebTest1" computerName="DESKTOP-HK1QTE6" duration="00:00:00.1549844" startTime="2016-10-30T04:31:56.4810473-07:00" endTime="2016-10-30T04:32:05.6513411-07:00" testType="4e7599fa-5ecb-43e9-a887-cd63cf72d207" outcome="Aborted" testListId="8c84fa94-04c1-424b-9868-57a2d4851a1d" relativeResultsDirectory="88963b2b-246c-405d-8d22-39a249789286">
      <TestSettings name="Default Test Settings" id="4242a816-c0cc-4908-81e5-fba26542d81a">
        <Deployment runDeploymentRoot="omr_DESKTOP-HK1QTE6 2016-10-30 04_31_54">
          <DeploymentItem filename="C:\Users\omr\Source\Repos\autocomplete\packages\Newtonsoft.Json.9.0.1\lib\net45\Newtonsoft.Json.dll" />
          <DeploymentItem filename="C:\Users\omr\Source\Repos\autocomplete\AutoComplete.Core\bin\Debug\AutoComplete.Core.dll" />
          <DeploymentItem filename="C:\Users\omr\Source\Repos\autocomplete\AutoComplete.Desktop\bin\Debug\AutoComplete.Desktop.dll" />
          <DeploymentItem filename="C:\Users\omr\Source\Repos\autocomplete\AutoComplete.Clients.Web\obj\Debug\AutoComplete.Clients.Web.dll" />
        </Deployment>
        <Execution>
          <TestTypeSpecific>
            <WebTestRunConfiguration testTypeId="4e7599fa-5ecb-43e9-a887-cd63cf72d207">
              <Browser name="Internet Explorer 9.0" MaxConnections="6">
                <Headers>
                  <Header name="User-Agent" value="Mozilla/5.0 (compatible; MSIE 9.0; Windows NT 6.1; Trident/5.0)" />
                  <Header name="Accept" value="*/*" />
                  <Header name="Accept-Language" value="{{$IEAcceptLanguage}}" />
                  <Header name="Accept-Encoding" value="GZIP" />
                </Headers>
              </Browser>
            </WebTestRunConfiguration>
          </TestTypeSpecific>
          <AgentRule name="Execution Agents">
          </AgentRule>
        </Execution>
        <Properties />
      </TestSettings>
      <WebTestResultFilePath>
      </WebTestResultFilePath>
    </WebTestResult>
  </Results>
</TestRun>